\BOOKMARK [1][-]{section.1}{\376\377\000I\000n\000t\000r\000o\000d\000u\000c\000t\000i\000o\000n}{}% 1
\BOOKMARK [2][-]{subsection.1.1}{\376\377\000D\000e\000f\000i\000n\000e\000d\000\040\000T\000e\000r\000m}{section.1}% 2
\BOOKMARK [3][-]{subsubsection.1.1.1}{\376\377\000B\000r\000a\000c\000k\000e\000t\000s}{subsection.1.1}% 3
\BOOKMARK [3][-]{subsubsection.1.1.2}{\376\377\000C\000a\000r\000r\000y\000i\000n\000g\000\040\000C\000a\000p\000a\000c\000i\000t\000y}{subsection.1.1}% 4
\BOOKMARK [3][-]{subsubsection.1.1.3}{\376\377\000E\000x\000c\000a\000v\000a\000t\000i\000o\000n\000\040\000R\000a\000t\000e}{subsection.1.1}% 5
\BOOKMARK [3][-]{subsubsection.1.1.4}{\376\377\000T\000o\000t\000a\000l\000\040\000P\000a\000y\000l\000o\000a\000d\000\040\000M\000a\000s\000s}{subsection.1.1}% 6
\BOOKMARK [3][-]{subsubsection.1.1.5}{\376\377\000D\000S\000\040\000M\000a\000s\000s}{subsection.1.1}% 7
\BOOKMARK [3][-]{subsubsection.1.1.6}{\376\377\000D\000a\000i\000l\000y\000\040\000M\000a\000s\000s}{subsection.1.1}% 8
\BOOKMARK [3][-]{subsubsection.1.1.7}{\376\377\000D\000S\000\040\000B\000a\000s\000e\000\040\000P\000o\000w\000e\000r\000\040\000C\000o\000n\000s\000u\000m\000p\000t\000i\000o\000n}{subsection.1.1}% 9
\BOOKMARK [3][-]{subsubsection.1.1.8}{\376\377\000D\000S\000\040\000M\000a\000x\000\040\000P\000o\000w\000e\000r\000\040\000C\000o\000n\000s\000u\000m\000p\000t\000i\000o\000n}{subsection.1.1}% 10
\BOOKMARK [3][-]{subsubsection.1.1.9}{\376\377\000E\000x\000c\000a\000v\000a\000t\000i\000o\000n\000\040\000P\000o\000w\000e\000r\000\040\000I\000n\000t\000e\000r\000f\000a\000c\000e}{subsection.1.1}% 11
\BOOKMARK [3][-]{subsubsection.1.1.10}{\376\377\000U\000n\000l\000o\000a\000d\000i\000n\000g\000\040\000R\000a\000t\000e}{subsection.1.1}% 12
\BOOKMARK [3][-]{subsubsection.1.1.11}{\376\377\000L\000o\000a\000d\000i\000n\000g\000\040\000R\000a\000t\000e}{subsection.1.1}% 13
\BOOKMARK [2][-]{subsection.1.2}{\376\377\000D\000e\000f\000i\000n\000i\000t\000i\000o\000n\000s}{section.1}% 14
\BOOKMARK [3][-]{subsubsection.1.2.1}{\376\377\000D\000i\000g\000g\000e\000r\000\040\000C\000o\000n\000t\000r\000o\000l\000\040\000S\000y\000s\000t\000e\000m\000\040\000\050\000D\000C\000S\000\051}{subsection.1.2}% 15
\BOOKMARK [3][-]{subsubsection.1.2.2}{\376\377\000O\000u\000t\000p\000o\000s\000t\000\040\000D\000i\000g\000g\000e\000r\000\040\000S\000y\000s\000t\000e\000m\000\040\000\050\000O\000D\000S\000\051}{subsection.1.2}% 16
\BOOKMARK [3][-]{subsubsection.1.2.3}{\376\377\000D\000i\000g\000g\000e\000r\000\040\000S\000y\000s\000t\000e\000m\000s\000\040\000\050\000D\000S\000\051}{subsection.1.2}% 17
\BOOKMARK [3][-]{subsubsection.1.2.4}{\376\377\000R\000o\000v\000e\000r}{subsection.1.2}% 18
\BOOKMARK [3][-]{subsubsection.1.2.5}{\376\377\000E\000x\000c\000a\000v\000a\000t\000i\000o\000n\000\040\000S\000u\000b\000s\000y\000s\000t\000e\000m}{subsection.1.2}% 19
\BOOKMARK [3][-]{subsubsection.1.2.6}{\376\377\000T\000r\000a\000n\000s\000f\000e\000r\000\040\000S\000u\000b\000s\000y\000s\000t\000e\000m}{subsection.1.2}% 20
\BOOKMARK [1][-]{section.2}{\376\377\000R\000e\000q\000u\000i\000r\000e\000m\000e\000n\000t\000s}{}% 21
\BOOKMARK [2][-]{subsection.2.1}{\376\377\000M\000i\000s\000s\000i\000o\000n\000s}{section.2}% 22
\BOOKMARK [3][-]{subsubsection.2.1.1}{\376\377\000M\0001}{subsection.2.1}% 23
\BOOKMARK [3][-]{subsubsection.2.1.2}{\376\377\000M\0002}{subsection.2.1}% 24
\BOOKMARK [2][-]{subsection.2.2}{\376\377\000O\000p\000e\000r\000a\000t\000i\000o\000n\000a\000l\000\040\000P\000e\000r\000f\000o\000r\000m\000a\000n\000c\000e\000\040\000R\000e\000q\000u\000i\000r\000e\000m\000e\000n\000t\000s}{section.2}% 25
\BOOKMARK [3][-]{subsubsection.2.2.1}{\376\377\000C\000o\000s\000t}{subsection.2.2}% 26
\BOOKMARK [3][-]{subsubsection.2.2.2}{\376\377\000M\000a\000s\000s\000\040\000\050\000D\000i\000g\000g\000e\000r\000\040\000S\000y\000s\000t\000e\000m\000s\000\051}{subsection.2.2}% 27
\BOOKMARK [3][-]{subsubsection.2.2.3}{\376\377\000M\000a\000s\000s\000\040\000\050\000P\000a\000y\000l\000o\000a\000d\000\040\000M\000a\000s\000s\000\051}{subsection.2.2}% 28
\BOOKMARK [3][-]{subsubsection.2.2.4}{\376\377\000D\000i\000g\000g\000e\000r\000\040\000S\000y\000s\000t\000e\000m\000s\000\040\000B\000a\000s\000e\000\040\000E\000n\000e\000r\000g\000y\000\040\000C\000o\000n\000s\000u\000m\000p\000t\000i\000o\000n}{subsection.2.2}% 29
\BOOKMARK [3][-]{subsubsection.2.2.5}{\376\377\000D\000i\000g\000g\000e\000r\000\040\000S\000y\000s\000t\000e\000m\000s\000\040\000O\000p\000e\000r\000a\000t\000i\000o\000n\000a\000l\000\040\000E\000n\000e\000r\000g\000y\000\040\000C\000o\000n\000s\000u\000m\000p\000t\000i\000o\000n}{subsection.2.2}% 30
\BOOKMARK [3][-]{subsubsection.2.2.6}{\376\377\000M\000O\000E\000\040\0001}{subsection.2.2}% 31
\BOOKMARK [3][-]{subsubsection.2.2.7}{\376\377\000R\000e\000l\000i\000a\000b\000i\000l\000i\000t\000y}{subsection.2.2}% 32
\BOOKMARK [3][-]{subsubsection.2.2.8}{\376\377\000M\000a\000i\000n\000t\000a\000i\000n\000a\000b\000i\000l\000i\000t\000y}{subsection.2.2}% 33
\BOOKMARK [3][-]{subsubsection.2.2.9}{\376\377\000A\000v\000a\000i\000l\000a\000b\000i\000l\000i\000t\000y}{subsection.2.2}% 34
\BOOKMARK [2][-]{subsection.2.3}{\376\377\000C\000a\000p\000a\000b\000i\000l\000i\000t\000i\000e\000s}{section.2}% 35
\BOOKMARK [3][-]{subsubsection.2.3.1}{\376\377\000E\000x\000c\000a\000v\000a\000t\000e\000\040\000S\000i\000m\000u\000l\000a\000n\000t}{subsection.2.3}% 36
\BOOKMARK [3][-]{subsubsection.2.3.2}{\376\377\000E\000x\000c\000a\000v\000a\000t\000i\000o\000n\000\040\000R\000a\000t\000e}{subsection.2.3}% 37
\BOOKMARK [3][-]{subsubsection.2.3.3}{\376\377\000T\000r\000a\000n\000s\000f\000e\000r\000\040\000S\000i\000m\000u\000l\000a\000n\000t\000\040\000t\000o\000\040\000R\000o\000v\000e\000r}{subsection.2.3}% 38
\BOOKMARK [3][-]{subsubsection.2.3.4}{\376\377\000L\000o\000a\000d\000i\000n\000g\000\040\000R\000a\000t\000e}{subsection.2.3}% 39
\BOOKMARK [3][-]{subsubsection.2.3.5}{\376\377\000U\000n\000l\000o\000a\000d\000i\000n\000g\000\040\000R\000a\000t\000e}{subsection.2.3}% 40
\BOOKMARK [3][-]{subsubsection.2.3.6}{\376\377\000C\000a\000r\000r\000y\000i\000n\000g\000\040\000C\000a\000p\000a\000c\000i\000t\000y\000\040\000M\000e\000a\000s\000u\000r\000e\000m\000e\000n\000t}{subsection.2.3}% 41
\BOOKMARK [3][-]{subsubsection.2.3.7}{\376\377\000C\000a\000r\000r\000y\000i\000n\000g\000\040\000C\000a\000p\000a\000c\000i\000t\000y}{subsection.2.3}% 42
\BOOKMARK [3][-]{subsubsection.2.3.8}{\376\377\000T\000r\000a\000v\000e\000l\000l\000i\000n\000g\000\040\000C\000e\000n\000t\000e\000r\000\040\000o\000f\000\040\000G\000r\000a\000v\000i\000t\000y}{subsection.2.3}% 43
\BOOKMARK [3][-]{subsubsection.2.3.9}{\376\377\000B\000u\000c\000k\000e\000t\000\040\000S\000c\000o\000o\000p\000\040\000H\000e\000i\000g\000h\000t}{subsection.2.3}% 44
\BOOKMARK [3][-]{subsubsection.2.3.10}{\376\377\000B\000u\000c\000k\000e\000t\000\040\000S\000c\000o\000o\000p\000\040\000A\000n\000g\000l\000e}{subsection.2.3}% 45
\BOOKMARK [3][-]{subsubsection.2.3.11}{\376\377\000B\000u\000c\000k\000e\000t\000\040\000S\000c\000o\000o\000p\000\040\000H\000e\000i\000g\000h\000t\000\040\000M\000e\000a\000s\000u\000r\000e\000m\000e\000n\000t}{subsection.2.3}% 46
\BOOKMARK [3][-]{subsubsection.2.3.12}{\376\377\000B\000u\000c\000k\000e\000t\000\040\000S\000c\000o\000o\000p\000\040\000A\000n\000g\000l\000e\000\040\000M\000e\000a\000s\000u\000r\000e\000m\000e\000n\000t}{subsection.2.3}% 47
\BOOKMARK [3][-]{subsubsection.2.3.13}{\376\377\000I\000m\000p\000a\000c\000t\000\040\000H\000a\000m\000m\000e\000r\000\040\000H\000e\000i\000g\000h\000t}{subsection.2.3}% 48
\BOOKMARK [3][-]{subsubsection.2.3.14}{\376\377\000I\000m\000p\000a\000c\000t\000\040\000H\000a\000m\000m\000e\000r\000\040\000R\000o\000t\000a\000t\000i\000o\000n}{subsection.2.3}% 49
\BOOKMARK [2][-]{subsection.2.4}{\376\377\000E\000x\000t\000e\000r\000n\000a\000l\000\040\000I\000n\000t\000e\000r\000f\000a\000c\000e\000s}{section.2}% 50
\BOOKMARK [3][-]{subsubsection.2.4.1}{\376\377\000M\000e\000c\000h\000a\000n\000i\000c\000a\000l}{subsection.2.4}% 51
\BOOKMARK [3][-]{subsubsection.2.4.2}{\376\377\000E\000l\000e\000c\000t\000r\000i\000c\000a\000l\000\040\000P\000o\000w\000e\000r}{subsection.2.4}% 52
\BOOKMARK [3][-]{subsubsection.2.4.3}{\376\377\000B\000a\000t\000t\000e\000r\000y\000\040\000C\000a\000p\000a\000c\000i\000t\000y}{subsection.2.4}% 53
\BOOKMARK [3][-]{subsubsection.2.4.4}{\376\377\000S\000o\000f\000t\000w\000a\000r\000e\000\040\000L\000a\000n\000g\000u\000a\000g\000e}{subsection.2.4}% 54
\BOOKMARK [3][-]{subsubsection.2.4.5}{\376\377\000S\000o\000f\000t\000w\000a\000r\000e\000\040\000I\000m\000p\000l\000e\000m\000e\000n\000t\000a\000t\000i\000o\000n}{subsection.2.4}% 55
\BOOKMARK [3][-]{subsubsection.2.4.6}{\376\377\000S\000o\000f\000t\000w\000a\000r\000e\000\040\000C\000o\000m\000m\000u\000n\000i\000c\000a\000t\000i\000o\000n}{subsection.2.4}% 56
\BOOKMARK [2][-]{subsection.2.5}{\376\377\000O\000p\000e\000r\000a\000t\000i\000n\000g\000\040\000E\000n\000v\000i\000r\000o\000n\000m\000e\000n\000t\000s}{section.2}% 57
\BOOKMARK [3][-]{subsubsection.2.5.1}{\376\377\000W\000a\000t\000e\000r\000\040\000P\000r\000e\000c\000i\000p\000i\000t\000a\000t\000i\000o\000n\000\040\000o\000r\000\040\000M\000o\000i\000s\000t\000u\000r\000e}{subsection.2.5}% 58
\BOOKMARK [3][-]{subsubsection.2.5.2}{\376\377\000W\000e\000t\000\040\000e\000n\000v\000i\000r\000o\000n\000m\000e\000n\000t}{subsection.2.5}% 59
\BOOKMARK [3][-]{subsubsection.2.5.3}{\376\377\000W\000i\000n\000d}{subsection.2.5}% 60
\BOOKMARK [3][-]{subsubsection.2.5.4}{\376\377\000D\000u\000s\000t}{subsection.2.5}% 61
\BOOKMARK [3][-]{subsubsection.2.5.5}{\376\377\000T\000e\000m\000p\000e\000r\000a\000t\000u\000r\000e}{subsection.2.5}% 62
\BOOKMARK [3][-]{subsubsection.2.5.6}{\376\377\000V\000i\000b\000r\000a\000t\000i\000o\000n}{subsection.2.5}% 63
\BOOKMARK [3][-]{subsubsection.2.5.7}{\376\377\000V\000a\000c\000u\000u\000m}{subsection.2.5}% 64
\BOOKMARK [3][-]{subsubsection.2.5.8}{\376\377\000T\000e\000s\000t\000\040\000F\000a\000c\000i\000l\000i\000t\000y}{subsection.2.5}% 65
\BOOKMARK [3][-]{subsubsection.2.5.9}{\376\377\000C\000A\000S\000P}{subsection.2.5}% 66
\BOOKMARK [3][-]{subsubsection.2.5.10}{\376\377\000N\000A\000S\000A\000\040\000T\000e\000s\000t\000\040\000B\000e\000d}{subsection.2.5}% 67
\BOOKMARK [3][-]{subsubsection.2.5.11}{\376\377\000M\000a\000i\000n\000t\000e\000n\000a\000n\000c\000e\000\040}{subsection.2.5}% 68
\BOOKMARK [2][-]{subsection.2.6}{\376\377\000D\000e\000s\000i\000g\000n\000\040\000a\000n\000d\000\040\000M\000a\000n\000u\000f\000a\000c\000t\000u\000r\000i\000n\000g}{section.2}% 69
\BOOKMARK [3][-]{subsubsection.2.6.1}{}{subsection.2.6}% 70
\BOOKMARK [2][-]{subsection.2.7}{\376\377\000P\000r\000e\000c\000e\000d\000e\000n\000c\000e\000\040\000a\000n\000d\000\040\000C\000r\000i\000t\000i\000c\000a\000l\000i\000t\000y\000\040\000o\000f\000\040\000R\000e\000q\000u\000i\000r\000e\000m\000e\000n\000t\000s}{section.2}% 71
\BOOKMARK [1][-]{section.3}{\376\377\000Q\000u\000a\000l\000i\000f\000i\000c\000a\000t\000i\000o\000n\000\040\000P\000r\000o\000v\000i\000s\000i\000o\000n\000s}{}% 72
\BOOKMARK [2][-]{subsection.3.1}{\376\377\000R\000e\000s\000p\000o\000n\000s\000i\000b\000i\000l\000i\000t\000y\000\040\000f\000o\000r\000\040\000V\000e\000r\000i\000f\000i\000c\000a\000t\000i\000o\000n}{section.3}% 73
\BOOKMARK [2][-]{subsection.3.2}{\376\377\000V\000e\000r\000i\000f\000i\000c\000a\000t\000i\000o\000n\000\040\000M\000e\000t\000h\000o\000d\000s}{section.3}% 74
\BOOKMARK [2][-]{subsection.3.3}{\376\377\000Q\000u\000a\000l\000i\000t\000y\000\040\000I\000n\000s\000p\000e\000c\000t\000i\000o\000n\000s}{section.3}% 75
\BOOKMARK [2][-]{subsection.3.4}{\376\377\000Q\000u\000a\000l\000i\000f\000i\000c\000a\000t\000i\000o\000n\000\040\000T\000e\000s\000t\000s}{section.3}% 76
\BOOKMARK [3][-]{subsubsection.3.4.1}{\376\377\000E\000l\000e\000c\000t\000r\000i\000c\000\040\000C\000o\000n\000t\000r\000o\000l\000\040\000o\000f\000\040\000E\000x\000c\000a\000v\000a\000t\000i\000o\000n\000\040\000S\000u\000b\000s\000y\000s\000t\000e\000m}{subsection.3.4}% 77
\BOOKMARK [3][-]{subsubsection.3.4.2}{\376\377\0000\000.\0005\000\040\000H\000r\000\040\000E\000x\000c\000a\000v\000a\000t\000i\000o\000n\000\040\000S\000u\000b\000s\000y\000s\000t\000e\000m\000\040\000T\000e\000s\000t}{subsection.3.4}% 78
\BOOKMARK [3][-]{subsubsection.3.4.3}{\376\377\0001\000\040\000H\000r\000\040\000E\000x\000c\000a\000v\000a\000t\000i\000o\000n\000\040\000S\000u\000b\000s\000y\000s\000t\000e\000m\000\040\000T\000e\000s\000t}{subsection.3.4}% 79
\BOOKMARK [3][-]{subsubsection.3.4.4}{\376\377\0000\000.\0005\000\040\000H\000r\000\040\000E\000x\000c\000a\000v\000a\000t\000i\000o\000n\000\040\000S\000u\000b\000s\000y\000s\000t\000e\000m\000\040\000T\000e\000s\000t\000\040\000w\000i\000t\000h\000\040\000R\000o\000v\000e\000r\000\040\000I\000n\000t\000e\000g\000r\000a\000t\000i\000o\000n\000\040}{subsection.3.4}% 80
\BOOKMARK [3][-]{subsubsection.3.4.5}{\376\377\0001\000-\000D\000a\000y\000\040\000O\000D\000S\000\040\000T\000e\000s\000t}{subsection.3.4}% 81
\BOOKMARK [1][-]{section.4}{\376\377\000P\000r\000e\000p\000a\000r\000a\000t\000i\000o\000n\000\040\000f\000o\000r\000\040\000D\000e\000l\000i\000v\000e\000r}{}% 82
\BOOKMARK [2][-]{subsection.4.1}{\376\377\000P\000a\000c\000k\000a\000g\000i\000n\000g}{section.4}% 83
\BOOKMARK [3][-]{subsubsection.4.1.1}{}{subsection.4.1}% 84
\BOOKMARK [2][-]{subsection.4.2}{\376\377\000H\000a\000n\000d\000l\000i\000n\000g}{section.4}% 85
\BOOKMARK [2][-]{subsection.4.3}{\376\377\000S\000t\000o\000r\000a\000g\000e}{section.4}% 86
\BOOKMARK [2][-]{subsection.4.4}{\376\377\000T\000r\000a\000n\000s\000p\000o\000r\000t\000a\000t\000i\000o\000n}{section.4}% 87
